<?xml version="1.0" encoding="UTF-8"?>
<testsuite xmlns:xsi="http://www.w3.org/2001/XMLSchema-instance" xsi:noNamespaceSchemaLocation="https://maven.apache.org/surefire/maven-surefire-plugin/xsd/surefire-test-report.xsd" name="org.training.spring.AppTest" time="0.042" tests="1" errors="0" skipped="0" failures="0">
  <properties>
    <property name="gopherProxySet" value="false"/>
    <property name="awt.toolkit" value="sun.lwawt.macosx.LWCToolkit"/>
    <property name="file.encoding.pkg" value="sun.io"/>
    <property name="java.specification.version" value="1.8"/>
    <property name="sun.cpu.isalist" value=""/>
    <property name="sun.jnu.encoding" value="UTF-8"/>
    <property name="java.class.path" value="/Users/khemais.menzli/working/workspaces/kmenzli/training/backoffice/spring/batch/2.x/spring-batch/batch-cutom-reader/target/test-classes:/Users/khemais.menzli/working/workspaces/kmenzli/training/backoffice/spring/batch/2.x/spring-batch/batch-cutom-reader/target/classes:/Users/khemais.menzli/working/opt/dependencies/repository/junit/junit/4.11/junit-4.11.jar:/Users/khemais.menzli/working/opt/dependencies/repository/org/hamcrest/hamcrest-core/1.3/hamcrest-core-1.3.jar:/Users/khemais.menzli/working/opt/dependencies/repository/org/projectlombok/lombok/1.18.10/lombok-1.18.10.jar:/Users/khemais.menzli/working/opt/dependencies/repository/org/springframework/spring-core/3.2.9.RELEASE/spring-core-3.2.9.RELEASE.jar:/Users/khemais.menzli/working/opt/dependencies/repository/commons-logging/commons-logging/1.1.3/commons-logging-1.1.3.jar:/Users/khemais.menzli/working/opt/dependencies/repository/org/springframework/spring-jdbc/3.2.9.RELEASE/spring-jdbc-3.2.9.RELEASE.jar:/Users/khemais.menzli/working/opt/dependencies/repository/org/springframework/spring-beans/3.2.9.RELEASE/spring-beans-3.2.9.RELEASE.jar:/Users/khemais.menzli/working/opt/dependencies/repository/org/springframework/spring-tx/3.2.9.RELEASE/spring-tx-3.2.9.RELEASE.jar:/Users/khemais.menzli/working/opt/dependencies/repository/org/springframework/spring-oxm/3.2.9.RELEASE/spring-oxm-3.2.9.RELEASE.jar:/Users/khemais.menzli/working/opt/dependencies/repository/mysql/mysql-connector-java/5.1.25/mysql-connector-java-5.1.25.jar:/Users/khemais.menzli/working/opt/dependencies/repository/org/springframework/batch/spring-batch-core/2.2.0.RELEASE/spring-batch-core-2.2.0.RELEASE.jar:/Users/khemais.menzli/working/opt/dependencies/repository/com/thoughtworks/xstream/xstream/1.3/xstream-1.3.jar:/Users/khemais.menzli/working/opt/dependencies/repository/xpp3/xpp3_min/1.1.4c/xpp3_min-1.1.4c.jar:/Users/khemais.menzli/working/opt/dependencies/repository/org/codehaus/jettison/jettison/1.1/jettison-1.1.jar:/Users/khemais.menzli/working/opt/dependencies/repository/org/springframework/spring-aop/3.2.0.RELEASE/spring-aop-3.2.0.RELEASE.jar:/Users/khemais.menzli/working/opt/dependencies/repository/aopalliance/aopalliance/1.0/aopalliance-1.0.jar:/Users/khemais.menzli/working/opt/dependencies/repository/org/springframework/spring-context/3.2.0.RELEASE/spring-context-3.2.0.RELEASE.jar:/Users/khemais.menzli/working/opt/dependencies/repository/org/springframework/spring-expression/3.2.0.RELEASE/spring-expression-3.2.0.RELEASE.jar:/Users/khemais.menzli/working/opt/dependencies/repository/org/springframework/batch/spring-batch-infrastructure/2.2.0.RELEASE/spring-batch-infrastructure-2.2.0.RELEASE.jar:/Users/khemais.menzli/working/opt/dependencies/repository/org/springframework/retry/spring-retry/1.0.2.RELEASE/spring-retry-1.0.2.RELEASE.jar:/Users/khemais.menzli/working/opt/dependencies/repository/org/springframework/batch/spring-batch-test/2.2.0.RELEASE/spring-batch-test-2.2.0.RELEASE.jar:/Users/khemais.menzli/working/opt/dependencies/repository/org/springframework/spring-test/3.2.0.RELEASE/spring-test-3.2.0.RELEASE.jar:/Users/khemais.menzli/working/opt/dependencies/repository/org/springframework/spring-webmvc/3.2.0.RELEASE/spring-webmvc-3.2.0.RELEASE.jar:/Users/khemais.menzli/working/opt/dependencies/repository/org/springframework/spring-web/3.2.0.RELEASE/spring-web-3.2.0.RELEASE.jar:/Users/khemais.menzli/working/opt/dependencies/repository/commons-io/commons-io/1.4/commons-io-1.4.jar:/Users/khemais.menzli/working/opt/dependencies/repository/commons-dbcp/commons-dbcp/1.2.2/commons-dbcp-1.2.2.jar:/Users/khemais.menzli/working/opt/dependencies/repository/commons-pool/commons-pool/1.3/commons-pool-1.3.jar:/Users/khemais.menzli/working/opt/dependencies/repository/commons-collections/commons-collections/3.2/commons-collections-3.2.jar:"/>
    <property name="java.vm.vendor" value="Oracle Corporation"/>
    <property name="sun.arch.data.model" value="64"/>
    <property name="java.vendor.url" value="http://java.oracle.com/"/>
    <property name="user.timezone" value=""/>
    <property name="java.vm.specification.version" value="1.8"/>
    <property name="os.name" value="Mac OS X"/>
    <property name="user.country" value="FR"/>
    <property name="sun.java.launcher" value="SUN_STANDARD"/>
    <property name="sun.boot.library.path" value="/Library/Java/JavaVirtualMachines/jdk1.8.0_192.jdk/Contents/Home/jre/lib"/>
    <property name="sun.java.command" value="/Users/khemais.menzli/working/workspaces/kmenzli/training/backoffice/spring/batch/2.x/spring-batch/batch-cutom-reader/target/surefire/surefirebooter6604969482801644248.jar /Users/khemais.menzli/working/workspaces/kmenzli/training/backoffice/spring/batch/2.x/spring-batch/batch-cutom-reader/target/surefire 2020-10-04T17-21-22_031-jvmRun1 surefire4515290067297092603tmp surefire_07408677228927728015tmp"/>
    <property name="surefire.test.class.path" value="/Users/khemais.menzli/working/workspaces/kmenzli/training/backoffice/spring/batch/2.x/spring-batch/batch-cutom-reader/target/test-classes:/Users/khemais.menzli/working/workspaces/kmenzli/training/backoffice/spring/batch/2.x/spring-batch/batch-cutom-reader/target/classes:/Users/khemais.menzli/working/opt/dependencies/repository/junit/junit/4.11/junit-4.11.jar:/Users/khemais.menzli/working/opt/dependencies/repository/org/hamcrest/hamcrest-core/1.3/hamcrest-core-1.3.jar:/Users/khemais.menzli/working/opt/dependencies/repository/org/projectlombok/lombok/1.18.10/lombok-1.18.10.jar:/Users/khemais.menzli/working/opt/dependencies/repository/org/springframework/spring-core/3.2.9.RELEASE/spring-core-3.2.9.RELEASE.jar:/Users/khemais.menzli/working/opt/dependencies/repository/commons-logging/commons-logging/1.1.3/commons-logging-1.1.3.jar:/Users/khemais.menzli/working/opt/dependencies/repository/org/springframework/spring-jdbc/3.2.9.RELEASE/spring-jdbc-3.2.9.RELEASE.jar:/Users/khemais.menzli/working/opt/dependencies/repository/org/springframework/spring-beans/3.2.9.RELEASE/spring-beans-3.2.9.RELEASE.jar:/Users/khemais.menzli/working/opt/dependencies/repository/org/springframework/spring-tx/3.2.9.RELEASE/spring-tx-3.2.9.RELEASE.jar:/Users/khemais.menzli/working/opt/dependencies/repository/org/springframework/spring-oxm/3.2.9.RELEASE/spring-oxm-3.2.9.RELEASE.jar:/Users/khemais.menzli/working/opt/dependencies/repository/mysql/mysql-connector-java/5.1.25/mysql-connector-java-5.1.25.jar:/Users/khemais.menzli/working/opt/dependencies/repository/org/springframework/batch/spring-batch-core/2.2.0.RELEASE/spring-batch-core-2.2.0.RELEASE.jar:/Users/khemais.menzli/working/opt/dependencies/repository/com/thoughtworks/xstream/xstream/1.3/xstream-1.3.jar:/Users/khemais.menzli/working/opt/dependencies/repository/xpp3/xpp3_min/1.1.4c/xpp3_min-1.1.4c.jar:/Users/khemais.menzli/working/opt/dependencies/repository/org/codehaus/jettison/jettison/1.1/jettison-1.1.jar:/Users/khemais.menzli/working/opt/dependencies/repository/org/springframework/spring-aop/3.2.0.RELEASE/spring-aop-3.2.0.RELEASE.jar:/Users/khemais.menzli/working/opt/dependencies/repository/aopalliance/aopalliance/1.0/aopalliance-1.0.jar:/Users/khemais.menzli/working/opt/dependencies/repository/org/springframework/spring-context/3.2.0.RELEASE/spring-context-3.2.0.RELEASE.jar:/Users/khemais.menzli/working/opt/dependencies/repository/org/springframework/spring-expression/3.2.0.RELEASE/spring-expression-3.2.0.RELEASE.jar:/Users/khemais.menzli/working/opt/dependencies/repository/org/springframework/batch/spring-batch-infrastructure/2.2.0.RELEASE/spring-batch-infrastructure-2.2.0.RELEASE.jar:/Users/khemais.menzli/working/opt/dependencies/repository/org/springframework/retry/spring-retry/1.0.2.RELEASE/spring-retry-1.0.2.RELEASE.jar:/Users/khemais.menzli/working/opt/dependencies/repository/org/springframework/batch/spring-batch-test/2.2.0.RELEASE/spring-batch-test-2.2.0.RELEASE.jar:/Users/khemais.menzli/working/opt/dependencies/repository/org/springframework/spring-test/3.2.0.RELEASE/spring-test-3.2.0.RELEASE.jar:/Users/khemais.menzli/working/opt/dependencies/repository/org/springframework/spring-webmvc/3.2.0.RELEASE/spring-webmvc-3.2.0.RELEASE.jar:/Users/khemais.menzli/working/opt/dependencies/repository/org/springframework/spring-web/3.2.0.RELEASE/spring-web-3.2.0.RELEASE.jar:/Users/khemais.menzli/working/opt/dependencies/repository/commons-io/commons-io/1.4/commons-io-1.4.jar:/Users/khemais.menzli/working/opt/dependencies/repository/commons-dbcp/commons-dbcp/1.2.2/commons-dbcp-1.2.2.jar:/Users/khemais.menzli/working/opt/dependencies/repository/commons-pool/commons-pool/1.3/commons-pool-1.3.jar:/Users/khemais.menzli/working/opt/dependencies/repository/commons-collections/commons-collections/3.2/commons-collections-3.2.jar:"/>
    <property name="sun.cpu.endian" value="little"/>
    <property name="user.home" value="/Users/khemais.menzli"/>
    <property name="user.language" value="fr"/>
    <property name="java.specification.vendor" value="Oracle Corporation"/>
    <property name="java.home" value="/Library/Java/JavaVirtualMachines/jdk1.8.0_192.jdk/Contents/Home/jre"/>
    <property name="basedir" value="/Users/khemais.menzli/working/workspaces/kmenzli/training/backoffice/spring/batch/2.x/spring-batch/batch-cutom-reader"/>
    <property name="file.separator" value="/"/>
    <property name="line.separator" value="&#10;"/>
    <property name="java.vm.specification.vendor" value="Oracle Corporation"/>
    <property name="java.specification.name" value="Java Platform API Specification"/>
    <property name="java.awt.graphicsenv" value="sun.awt.CGraphicsEnvironment"/>
    <property name="surefire.real.class.path" value="/Users/khemais.menzli/working/workspaces/kmenzli/training/backoffice/spring/batch/2.x/spring-batch/batch-cutom-reader/target/surefire/surefirebooter6604969482801644248.jar"/>
    <property name="sun.boot.class.path" value="/Library/Java/JavaVirtualMachines/jdk1.8.0_192.jdk/Contents/Home/jre/lib/resources.jar:/Library/Java/JavaVirtualMachines/jdk1.8.0_192.jdk/Contents/Home/jre/lib/rt.jar:/Library/Java/JavaVirtualMachines/jdk1.8.0_192.jdk/Contents/Home/jre/lib/sunrsasign.jar:/Library/Java/JavaVirtualMachines/jdk1.8.0_192.jdk/Contents/Home/jre/lib/jsse.jar:/Library/Java/JavaVirtualMachines/jdk1.8.0_192.jdk/Contents/Home/jre/lib/jce.jar:/Library/Java/JavaVirtualMachines/jdk1.8.0_192.jdk/Contents/Home/jre/lib/charsets.jar:/Library/Java/JavaVirtualMachines/jdk1.8.0_192.jdk/Contents/Home/jre/lib/jfr.jar:/Library/Java/JavaVirtualMachines/jdk1.8.0_192.jdk/Contents/Home/jre/classes"/>
    <property name="sun.management.compiler" value="HotSpot 64-Bit Tiered Compilers"/>
    <property name="java.runtime.version" value="1.8.0_192-b12"/>
    <property name="user.name" value="khemais.menzli"/>
    <property name="path.separator" value=":"/>
    <property name="os.version" value="10.12.6"/>
    <property name="java.endorsed.dirs" value="/Library/Java/JavaVirtualMachines/jdk1.8.0_192.jdk/Contents/Home/jre/lib/endorsed"/>
    <property name="java.runtime.name" value="Java(TM) SE Runtime Environment"/>
    <property name="file.encoding" value="UTF-8"/>
    <property name="java.vm.name" value="Java HotSpot(TM) 64-Bit Server VM"/>
    <property name="localRepository" value="/Users/khemais.menzli/working/opt/dependencies/repository"/>
    <property name="java.vendor.url.bug" value="http://bugreport.sun.com/bugreport/"/>
    <property name="java.io.tmpdir" value="/var/folders/z9/j9vw892501l1bj10tb277ntm0000gp/T/"/>
    <property name="java.version" value="1.8.0_192"/>
    <property name="user.dir" value="/Users/khemais.menzli/working/workspaces/kmenzli/training/backoffice/spring/batch/2.x/spring-batch/batch-cutom-reader"/>
    <property name="os.arch" value="x86_64"/>
    <property name="java.vm.specification.name" value="Java Virtual Machine Specification"/>
    <property name="java.awt.printerjob" value="sun.lwawt.macosx.CPrinterJob"/>
    <property name="sun.os.patch.level" value="unknown"/>
    <property name="java.library.path" value="/Users/khemais.menzli/Library/Java/Extensions:/Library/Java/Extensions:/Network/Library/Java/Extensions:/System/Library/Java/Extensions:/usr/lib/java:."/>
    <property name="java.vm.info" value="mixed mode"/>
    <property name="java.vendor" value="Oracle Corporation"/>
    <property name="java.vm.version" value="25.192-b12"/>
    <property name="java.ext.dirs" value="/Users/khemais.menzli/Library/Java/Extensions:/Library/Java/JavaVirtualMachines/jdk1.8.0_192.jdk/Contents/Home/jre/lib/ext:/Library/Java/Extensions:/Network/Library/Java/Extensions:/System/Library/Java/Extensions:/usr/lib/java"/>
    <property name="sun.io.unicode.encoding" value="UnicodeBig"/>
    <property name="java.class.version" value="52.0"/>
  </properties>
  <testcase name="shouldAnswerWithTrue" classname="org.training.spring.AppTest" time="0.004"/>
</testsuite>